<?xml version="1.0" encoding="UTF-8"?><testsuite errors="1" failures="0" name="Make a purchase of two products" skipped="0" tests="1" time="3.85" timestamp="2023-08-30 06:19:32"><testcase name="Add two items to the shopping cart"><error message="Could not instantiate class org.openqa.selenium.chrome.ChromeDriver" type="net.thucydides.core.webdriver.DriverConfigurationError">Could not instantiate class org.openqa.selenium.chrome.ChromeDriver</error><system-err>Could not instantiate class org.openqa.selenium.chrome.ChromeDriver&#13;
stepdefinitions.SauceGlobalSteps.thatACustomerAccessesTheShoppingWebsite(SauceGlobalSteps.java:24)&#13;
cucumber.runner.Runner.runPickle(Runner.java:80)&#13;
</system-err></testcase></testsuite>